Determining if the pthread_create exist failed with the following output:
Change Dir: /home/jorb/code/Snaze/__temp__/CMakeFiles/CMakeTmp

Run Build Command:"/usr/bin/make" "cmTC_6e4cf/fast"
/usr/bin/make -f CMakeFiles/cmTC_6e4cf.dir/build.make CMakeFiles/cmTC_6e4cf.dir/build
make[1]: Entering directory '/home/jorb/code/Snaze/__temp__/CMakeFiles/CMakeTmp'
Building C object CMakeFiles/cmTC_6e4cf.dir/CheckSymbolExists.c.o
/usr/bin/cc    -o CMakeFiles/cmTC_6e4cf.dir/CheckSymbolExists.c.o   -c /home/jorb/code/Snaze/__temp__/CMakeFiles/CMakeTmp/CheckSymbolExists.c
Linking C executable cmTC_6e4cf
/usr/bin/cmake -E cmake_link_script CMakeFiles/cmTC_6e4cf.dir/link.txt --verbose=1
/usr/bin/cc      -rdynamic CMakeFiles/cmTC_6e4cf.dir/CheckSymbolExists.c.o  -o cmTC_6e4cf 
/usr/bin/ld: CMakeFiles/cmTC_6e4cf.dir/CheckSymbolExists.c.o: na função "main":
CheckSymbolExists.c:(.text+0x1b): referência não definida para "pthread_create"
collect2: error: ld returned 1 exit status
make[1]: *** [CMakeFiles/cmTC_6e4cf.dir/build.make:87: cmTC_6e4cf] Error 1
make[1]: Leaving directory '/home/jorb/code/Snaze/__temp__/CMakeFiles/CMakeTmp'
make: *** [Makefile:121: cmTC_6e4cf/fast] Error 2

File /home/jorb/code/Snaze/__temp__/CMakeFiles/CMakeTmp/CheckSymbolExists.c:
/* */
#include <pthread.h>

int main(int argc, char** argv)
{
  (void)argv;
#ifndef pthread_create
  return ((int*)(&pthread_create))[argc];
#else
  (void)argc;
  return 0;
#endif
}

Determining if the function pthread_create exists in the pthreads failed with the following output:
Change Dir: /home/jorb/code/Snaze/__temp__/CMakeFiles/CMakeTmp

Run Build Command:"/usr/bin/make" "cmTC_65417/fast"
/usr/bin/make -f CMakeFiles/cmTC_65417.dir/build.make CMakeFiles/cmTC_65417.dir/build
make[1]: Entering directory '/home/jorb/code/Snaze/__temp__/CMakeFiles/CMakeTmp'
Building C object CMakeFiles/cmTC_65417.dir/CheckFunctionExists.c.o
/usr/bin/cc   -DCHECK_FUNCTION_EXISTS=pthread_create   -o CMakeFiles/cmTC_65417.dir/CheckFunctionExists.c.o   -c /usr/share/cmake-3.13/Modules/CheckFunctionExists.c
Linking C executable cmTC_65417
/usr/bin/cmake -E cmake_link_script CMakeFiles/cmTC_65417.dir/link.txt --verbose=1
/usr/bin/cc  -DCHECK_FUNCTION_EXISTS=pthread_create    -rdynamic CMakeFiles/cmTC_65417.dir/CheckFunctionExists.c.o  -o cmTC_65417 -lpthreads 
/usr/bin/ld: não foi possível localizar -lpthreads
collect2: error: ld returned 1 exit status
make[1]: *** [CMakeFiles/cmTC_65417.dir/build.make:87: cmTC_65417] Error 1
make[1]: Leaving directory '/home/jorb/code/Snaze/__temp__/CMakeFiles/CMakeTmp'
make: *** [Makefile:121: cmTC_65417/fast] Error 2


